# JRE version: OpenJDK Runtime Environment (8.0_152-b01) (build 1.8.0_152-release-915-b01)
# Java VM: OpenJDK 64-Bit Server VM (25.152-b01 mixed mode windows-amd64 compressed oops)
Heap:
 PSYoungGen      total 376832K, used 249351K [0x00000000e0000000, 0x00000000f8f80000, 0x0000000100000000)
  eden space 344576K, 63% used [0x00000000e0000000,0x00000000ed403818,0x00000000f5080000)
  from space 32256K, 99% used [0x00000000f5080000,0x00000000f6ffe5d0,0x00000000f7000000)
  to   space 24576K, 0% used [0x00000000f7780000,0x00000000f7780000,0x00000000f8f80000)
 ParOldGen       total 214528K, used 98203K [0x00000000a0000000, 0x00000000ad180000, 0x00000000e0000000)
  object space 214528K, 45% used [0x00000000a0000000,0x00000000a5fe6cc8,0x00000000ad180000)
 Metaspace       used 69152K, capacity 71054K, committed 71296K, reserved 1112064K
  class space    used 8293K, capacity 8759K, committed 8832K, reserved 1048576K
GC Heap History (10 events):
Event: 237.629 GC heap before
{Heap before GC invocations=15 (full 3):
 PSYoungGen      total 219648K, used 213250K [0x00000000e0000000, 0x00000000f3500000, 0x0000000100000000)
  eden space 187904K, 100% used [0x00000000e0000000,0x00000000eb780000,0x00000000eb780000)
  from space 31744K, 79% used [0x00000000eb780000,0x00000000ed0408c0,0x00000000ed680000)
  to   space 33792K, 0% used [0x00000000f1400000,0x00000000f1400000,0x00000000f3500000)
 ParOldGen       total 162816K, used 88977K [0x00000000a0000000, 0x00000000a9f00000, 0x00000000e0000000)
  object space 162816K, 54% used [0x00000000a0000000,0x00000000a56e4568,0x00000000a9f00000)
 Metaspace       used 50520K, capacity 51314K, committed 51712K, reserved 1095680K
  class space    used 6166K, capacity 6381K, committed 6400K, reserved 1048576K
Event: 237.645 GC heap after
Heap after GC invocations=15 (full 3):
 PSYoungGen      total 281088K, used 24891K [0x00000000e0000000, 0x00000000f4f80000, 0x0000000100000000)
  eden space 247296K, 0% used [0x00000000e0000000,0x00000000e0000000,0x00000000ef180000)
  from space 33792K, 73% used [0x00000000f1400000,0x00000000f2c4eec0,0x00000000f3500000)
  to   space 35328K, 0% used [0x00000000ef180000,0x00000000ef180000,0x00000000f1400000)
 ParOldGen       total 162816K, used 89133K [0x00000000a0000000, 0x00000000a9f00000, 0x00000000e0000000)
  object space 162816K, 54% used [0x00000000a0000000,0x00000000a570b5f8,0x00000000a9f00000)
 Metaspace       used 50520K, capacity 51314K, committed 51712K, reserved 1095680K
  class space    used 6166K, capacity 6381K, committed 6400K, reserved 1048576K
}
Event: 283.542 GC heap before
{Heap before GC invocations=16 (full 3):
 PSYoungGen      total 281088K, used 272187K [0x00000000e0000000, 0x00000000f4f80000, 0x0000000100000000)
  eden space 247296K, 100% used [0x00000000e0000000,0x00000000ef180000,0x00000000ef180000)
  from space 33792K, 73% used [0x00000000f1400000,0x00000000f2c4eec0,0x00000000f3500000)
  to   space 35328K, 0% used [0x00000000ef180000,0x00000000ef180000,0x00000000f1400000)
 ParOldGen       total 162816K, used 89133K [0x00000000a0000000, 0x00000000a9f00000, 0x00000000e0000000)
  object space 162816K, 54% used [0x00000000a0000000,0x00000000a570b5f8,0x00000000a9f00000)
 Metaspace       used 56766K, capacity 57856K, committed 58112K, reserved 1099776K
  class space    used 6875K, capacity 7136K, committed 7168K, reserved 1048576K
Event: 283.552 GC heap after
Heap after GC invocations=16 (full 3):
 PSYoungGen      total 282624K, used 14165K [0x00000000e0000000, 0x00000000f9880000, 0x0000000100000000)
  eden space 247296K, 0% used [0x00000000e0000000,0x00000000e0000000,0x00000000ef180000)
  from space 35328K, 40% used [0x00000000ef180000,0x00000000eff55618,0x00000000f1400000)
  to   space 33792K, 0% used [0x00000000f7780000,0x00000000f7780000,0x00000000f9880000)
 ParOldGen       total 162816K, used 89837K [0x00000000a0000000, 0x00000000a9f00000, 0x00000000e0000000)
  object space 162816K, 55% used [0x00000000a0000000,0x00000000a57bb5f8,0x00000000a9f00000)
 Metaspace       used 56766K, capacity 57856K, committed 58112K, reserved 1099776K
  class space    used 6875K, capacity 7136K, committed 7168K, reserved 1048576K
}
Event: 283.981 GC heap before
{Heap before GC invocations=17 (full 3):
 PSYoungGen      total 282624K, used 67904K [0x00000000e0000000, 0x00000000f9880000, 0x0000000100000000)
  eden space 247296K, 21% used [0x00000000e0000000,0x00000000e347acb0,0x00000000ef180000)
  from space 35328K, 40% used [0x00000000ef180000,0x00000000eff55618,0x00000000f1400000)
  to   space 33792K, 0% used [0x00000000f7780000,0x00000000f7780000,0x00000000f9880000)
 ParOldGen       total 162816K, used 89837K [0x00000000a0000000, 0x00000000a9f00000, 0x00000000e0000000)
  object space 162816K, 55% used [0x00000000a0000000,0x00000000a57bb5f8,0x00000000a9f00000)
 Metaspace       used 57771K, capacity 58830K, committed 59160K, reserved 1101824K
  class space    used 6949K, capacity 7207K, committed 7296K, reserved 1048576K
Event: 283.997 GC heap after
Heap after GC invocations=17 (full 3):
 PSYoungGen      total 369152K, used 17365K [0x00000000e0000000, 0x00000000f8f80000, 0x0000000100000000)
  eden space 344576K, 0% used [0x00000000e0000000,0x00000000e0000000,0x00000000f5080000)
  from space 24576K, 70% used [0x00000000f7780000,0x00000000f8875540,0x00000000f8f80000)
  to   space 32256K, 0% used [0x00000000f5080000,0x00000000f5080000,0x00000000f7000000)
 ParOldGen       total 162816K, used 97584K [0x00000000a0000000, 0x00000000a9f00000, 0x00000000e0000000)
  object space 162816K, 59% used [0x00000000a0000000,0x00000000a5f4c1b0,0x00000000a9f00000)
 Metaspace       used 57771K, capacity 58830K, committed 59160K, reserved 1101824K
  class space    used 6949K, capacity 7207K, committed 7296K, reserved 1048576K
}
Event: 283.997 GC heap before
{Heap before GC invocations=18 (full 4):
 PSYoungGen      total 369152K, used 17365K [0x00000000e0000000, 0x00000000f8f80000, 0x0000000100000000)
  eden space 344576K, 0% used [0x00000000e0000000,0x00000000e0000000,0x00000000f5080000)
  from space 24576K, 70% used [0x00000000f7780000,0x00000000f8875540,0x00000000f8f80000)
  to   space 32256K, 0% used [0x00000000f5080000,0x00000000f5080000,0x00000000f7000000)
 ParOldGen       total 162816K, used 97584K [0x00000000a0000000, 0x00000000a9f00000, 0x00000000e0000000)
  object space 162816K, 59% used [0x00000000a0000000,0x00000000a5f4c1b0,0x00000000a9f00000)
 Metaspace       used 57771K, capacity 58830K, committed 59160K, reserved 1101824K
  class space    used 6949K, capacity 7207K, committed 7296K, reserved 1048576K
Event: 284.102 GC heap after
Heap after GC invocations=18 (full 4):
 PSYoungGen      total 369152K, used 0K [0x00000000e0000000, 0x00000000f8f80000, 0x0000000100000000)
  eden space 344576K, 0% used [0x00000000e0000000,0x00000000e0000000,0x00000000f5080000)
  from space 24576K, 0% used [0x00000000f7780000,0x00000000f7780000,0x00000000f8f80000)
  to   space 32256K, 0% used [0x00000000f5080000,0x00000000f5080000,0x00000000f7000000)
 ParOldGen       total 214528K, used 35992K [0x00000000a0000000, 0x00000000ad180000, 0x00000000e0000000)
  object space 214528K, 16% used [0x00000000a0000000,0x00000000a2326048,0x00000000ad180000)
 Metaspace       used 57757K, capacity 58814K, committed 59160K, reserved 1101824K
  class space    used 6947K, capacity 7203K, committed 7296K, reserved 1048576K
}
Event: 406.291 GC heap before
{Heap before GC invocations=19 (full 4):
 PSYoungGen      total 369152K, used 344576K [0x00000000e0000000, 0x00000000f8f80000, 0x0000000100000000)
  eden space 344576K, 100% used [0x00000000e0000000,0x00000000f5080000,0x00000000f5080000)
  from space 24576K, 0% used [0x00000000f7780000,0x00000000f7780000,0x00000000f8f80000)
  to   space 32256K, 0% used [0x00000000f5080000,0x00000000f5080000,0x00000000f7000000)
 ParOldGen       total 214528K, used 35992K [0x00000000a0000000, 0x00000000ad180000, 0x00000000e0000000)
  object space 214528K, 16% used [0x00000000a0000000,0x00000000a2326048,0x00000000ad180000)
 Metaspace       used 65994K, capacity 67822K, committed 67968K, reserved 1110016K
  class space    used 7897K, capacity 8315K, committed 8320K, reserved 1048576K
Event: 406.347 GC heap after
Heap after GC invocations=19 (full 4):
 PSYoungGen      total 376832K, used 32249K [0x00000000e0000000, 0x00000000f8f80000, 0x0000000100000000)
  eden space 344576K, 0% used [0x00000000e0000000,0x00000000e0000000,0x00000000f5080000)
  from space 32256K, 99% used [0x00000000f5080000,0x00000000f6ffe5d0,0x00000000f7000000)
  to   space 24576K, 0% used [0x00000000f7780000,0x00000000f7780000,0x00000000f8f80000)
 ParOldGen       total 214528K, used 98203K [0x00000000a0000000, 0x00000000ad180000, 0x00000000e0000000)
  object space 214528K, 45% used [0x00000000a0000000,0x00000000a5fe6cc8,0x00000000ad180000)
 Metaspace       used 65994K, capacity 67822K, committed 67968K, reserved 1110016K
  class space    used 7897K, capacity 8315K, committed 8320K, reserved 1048576K
}

